<?xml version="1.0" encoding="UTF-8"?>
<!-- Generated by org.testng.reporters.JUnitXMLReporter -->
<testsuite hostname="Prakat-L-015" ignored="0" name="Validating navigation Bar" tests="1" failures="0" timestamp="2020-04-22T23:36:05 IST" time="0.093" errors="0">
  <testcase name="@BeforeTest initialize" time="0.0" classname="Academy.validateNavigationBar">
    <failure type="java.io.FileNotFoundException" message="webdriver.chrome.driver&amp;quot;,&amp;quot;C:\selenium\chromedriver_win32\chromedriver.exe (The filename, directory name, or volume label syntax is incorrect)">
      <![CDATA[java.io.FileNotFoundException: webdriver.chrome.driver","C:\selenium\chromedriver_win32\chromedriver.exe (The filename, directory name, or volume label syntax is incorrect)
at java.io.FileInputStream.open0(Native Method)
at java.io.FileInputStream.open(FileInputStream.java:195)
at java.io.FileInputStream.<init>(FileInputStream.java:138)
at java.io.FileInputStream.<init>(FileInputStream.java:93)
at resources.base.initializeDriver(base.java:25)
at Academy.validateNavigationBar.initialize(validateNavigationBar.java:30)
... Removed 24 stack frames]]>
    </failure>
  </testcase> <!-- @BeforeTest initialize -->
  <testcase name="@AfterTest teardown" time="-1.58757876563E9" classname="Academy.validateNavigationBar">
    <skipped/>
  </testcase> <!-- @AfterTest teardown -->
  <testcase name="validateAppNavBar" time="0.0" classname="Academy.validateNavigationBar">
    <skipped/>
  </testcase> <!-- validateAppNavBar -->
</testsuite> <!-- Validating navigation Bar -->
